<?xml version="1.0" encoding="UTF-8"?>
<!-- Generated by org.testng.reporters.JUnitReportReporter -->
<testsuite hostname="LAPTOP-2KSH9VVC" name="scripts.UserLogin" tests="2" failures="0" timestamp="9 Jan 2018 09:12:50 GMT" time="120.566" errors="0">
  <testcase name="userLogin" time="41.938" classname="scripts.UserLogin"/>
  <testcase name="userLogin" time="78.628" classname="scripts.UserLogin"/>
</testsuite> <!-- scripts.UserLogin -->
