<?xml version="1.0" encoding="UTF-8"?>
<!-- Generated by org.testng.reporters.JUnitReportReporter -->
<testsuite hostname="LAPTOP-2KSH9VVC" name="scripts.UserLogin" tests="3" failures="0" timestamp="10 Jan 2018 11:32:09 GMT" time="188.253" errors="0">
  <testcase name="userLogin" time="91.395" classname="scripts.UserLogin"/>
  <testcase name="userLogin" time="38.931" classname="scripts.UserLogin"/>
  <testcase name="userLogin" time="57.927" classname="scripts.UserLogin"/>
</testsuite> <!-- scripts.UserLogin -->
