<?xml version="1.0" encoding="UTF-8"?>
<!-- Generated by org.testng.reporters.JUnitReportReporter -->
<testsuite hostname="LAPTOP-2KSH9VVC" name="haikujamTesting.haikujam.LoginApiTest" tests="1" failures="0" timestamp="13 Feb 2018 07:13:32 GMT" time="6.822" errors="0">
  <testcase name="Login" time="6.822" classname="haikujamTesting.haikujam.LoginApiTest"/>
</testsuite> <!-- haikujamTesting.haikujam.LoginApiTest -->
